<?xml version="1.0" encoding="UTF-8"?>
<!-- Generated by org.testng.reporters.JUnitReportReporter -->
<testsuite skipped="0" hostname="unitrust-PC" name="cn.tsa.app.testscripts.TestLoginFunction" tests="3" failures="0" timestamp="13 八月 2018 01:58:37 GMT" time="53.038" errors="0">
  <testcase name="LoginWithCorrectInfo" time="18.155" classname="cn.tsa.app.testscripts.TestLoginFunction"/>
  <testcase name="loginWithUnregisteredAct" time="19.940" classname="cn.tsa.app.testscripts.TestLoginFunction"/>
  <testcase name="loginWithWrongPwd" time="14.943" classname="cn.tsa.app.testscripts.TestLoginFunction"/>
</testsuite> <!-- cn.tsa.app.testscripts.TestLoginFunction -->
