<?xml version="1.0" encoding="UTF-8"?>
<!-- Generated by org.testng.reporters.JUnitReportReporter -->
<testsuite skipped="0" hostname="unitrust-PC" name="cn.tsa.app.testscripts.TestObtainEvidenceFuntion" tests="2" failures="0" timestamp="07 九月 2018 00:59:34 GMT" time="15.028" errors="0">
  <testcase name="takePicture" time="10.942" classname="cn.tsa.app.testscripts.TestObtainEvidenceFuntion"/>
  <testcase name="openAndCloseObtainPictureEvidencePage" time="4.086" classname="cn.tsa.app.testscripts.TestObtainEvidenceFuntion"/>
</testsuite> <!-- cn.tsa.app.testscripts.TestObtainEvidenceFuntion -->
