<?xml version="1.0" encoding="UTF-8"?>
<!-- Generated by org.testng.reporters.JUnitReportReporter -->
<testsuite skipped="0" hostname="unitrust-PC" name="cn.tsa.maven.MavenDemo.TestApp" tests="2" failures="0" timestamp="01 八月 2018 01:28:57 GMT" time="53.064" errors="0">
  <testcase name="loginWithUnregisteredAct" time="23.466" classname="cn.tsa.maven.MavenDemo.TestApp"/>
  <testcase name="loginWithWrongPwd" time="29.598" classname="cn.tsa.maven.MavenDemo.TestApp"/>
</testsuite> <!-- cn.tsa.maven.MavenDemo.TestApp -->
