<?xml version="1.0" encoding="UTF-8"?>
<!-- Generated by org.testng.reporters.JUnitReportReporter -->
<testsuite skipped="0" hostname="unitrust-PC" name="cn.tsa.app.testscripts.TestLoginFunction" tests="3" failures="0" timestamp="07 八月 2018 01:35:45 GMT" time="53.577" errors="0">
  <testcase name="loginWithWrongPwd" time="15.433" classname="cn.tsa.app.testscripts.TestLoginFunction"/>
  <testcase name="loginWithUnregisteredAct" time="20.069" classname="cn.tsa.app.testscripts.TestLoginFunction"/>
  <testcase name="LoginWithCorrectInfo" time="18.075" classname="cn.tsa.app.testscripts.TestLoginFunction"/>
</testsuite> <!-- cn.tsa.app.testscripts.TestLoginFunction -->
