<?xml version="1.0" encoding="UTF-8"?>
<!-- Generated by org.testng.reporters.JUnitReportReporter -->
<testsuite skipped="0" hostname="unitrust-PC" name="cn.tsa.app.testscripts.TestRegisterFunction" tests="10" failures="0" timestamp="05 九月 2018 00:36:01 GMT" time="83.679" errors="0">
  <testcase name="loadRegisterPage" time="1.388" classname="cn.tsa.app.testscripts.TestRegisterFunction"/>
  <testcase name="loadUsageProtocolPage" time="16.379" classname="cn.tsa.app.testscripts.TestRegisterFunction"/>
  <testcase name="loadPrivacyProtocolPage" time="14.241" classname="cn.tsa.app.testscripts.TestRegisterFunction"/>
  <testcase name="backLoginPage" time="3.285" classname="cn.tsa.app.testscripts.TestRegisterFunction"/>
  <testcase name="checkProtocolBox" time="2.830" classname="cn.tsa.app.testscripts.TestRegisterFunction"/>
  <testcase name="checkRegisterPhone" time="5.745" classname="cn.tsa.app.testscripts.TestRegisterFunction"/>
  <testcase name="checkRegisterNum" time="6.720" classname="cn.tsa.app.testscripts.TestRegisterFunction"/>
  <testcase name="checkRegisterCodeText" time="6.212" classname="cn.tsa.app.testscripts.TestRegisterFunction"/>
  <testcase name="checkRegisterPwd" time="12.325" classname="cn.tsa.app.testscripts.TestRegisterFunction"/>
  <testcase name="checkRegisterCodeBtn" time="14.554" classname="cn.tsa.app.testscripts.TestRegisterFunction"/>
</testsuite> <!-- cn.tsa.app.testscripts.TestRegisterFunction -->
