<?xml version="1.0" encoding="UTF-8"?>
<!-- Generated by org.testng.reporters.JUnitReportReporter -->
<testsuite skipped="0" hostname="unitrust-PC" name="cn.tsa.app.testscripts.TestRegisterFunction" tests="10" failures="0" timestamp="13 八月 2018 01:58:37 GMT" time="82.874" errors="0">
  <testcase name="loadPrivacyProtocolPage" time="14.010" classname="cn.tsa.app.testscripts.TestRegisterFunction"/>
  <testcase name="checkRegisterCodeBtn" time="14.605" classname="cn.tsa.app.testscripts.TestRegisterFunction"/>
  <testcase name="loadUsageProtocolPage" time="15.780" classname="cn.tsa.app.testscripts.TestRegisterFunction"/>
  <testcase name="backLoginPage" time="3.264" classname="cn.tsa.app.testscripts.TestRegisterFunction"/>
  <testcase name="checkRegisterNum" time="7.436" classname="cn.tsa.app.testscripts.TestRegisterFunction"/>
  <testcase name="checkRegisterPhone" time="5.902" classname="cn.tsa.app.testscripts.TestRegisterFunction"/>
  <testcase name="checkProtocolBox" time="1.976" classname="cn.tsa.app.testscripts.TestRegisterFunction"/>
  <testcase name="loadRegisterPage" time="1.267" classname="cn.tsa.app.testscripts.TestRegisterFunction"/>
  <testcase name="checkRegisterPwd" time="12.417" classname="cn.tsa.app.testscripts.TestRegisterFunction"/>
  <testcase name="checkRegisterCodeText" time="6.217" classname="cn.tsa.app.testscripts.TestRegisterFunction"/>
</testsuite> <!-- cn.tsa.app.testscripts.TestRegisterFunction -->
