<?xml version="1.0" encoding="UTF-8"?>
<!-- Generated by org.testng.reporters.JUnitReportReporter -->
<testsuite skipped="0" hostname="unitrust-PC" name="cn.tsa.app.testscripts.TestRegisterFunction" tests="1" failures="0" timestamp="07 八月 2018 08:06:06 GMT" time="1.281" errors="0">
  <testcase name="loadRegisterPage" time="1.281" classname="cn.tsa.app.testscripts.TestRegisterFunction"/>
</testsuite> <!-- cn.tsa.app.testscripts.TestRegisterFunction -->
