<?xml version="1.0" encoding="UTF-8"?>
<!-- Generated by org.testng.reporters.JUnitReportReporter -->
<testsuite skipped="0" hostname="unitrust-PC" name="cn.tsa.app.testscripts.TestLoginFunction" tests="3" failures="0" timestamp="05 九月 2018 00:36:01 GMT" time="52.727" errors="0">
  <testcase name="LoginWithCorrectInfo" time="17.960" classname="cn.tsa.app.testscripts.TestLoginFunction"/>
  <testcase name="loginWithUnregisteredAct" time="19.678" classname="cn.tsa.app.testscripts.TestLoginFunction"/>
  <testcase name="loginWithWrongPwd" time="15.089" classname="cn.tsa.app.testscripts.TestLoginFunction"/>
</testsuite> <!-- cn.tsa.app.testscripts.TestLoginFunction -->
