<?xml version="1.0" encoding="UTF-8"?>
<!-- Generated by org.testng.reporters.JUnitReportReporter -->
<testsuite skipped="0" hostname="unitrust-PC" name="cn.tsa.app.testscripts.TestLoginFunction" tests="3" failures="0" timestamp="06 八月 2018 02:43:01 GMT" time="52.664" errors="0">
  <testcase name="loginWithWrongPwd" time="14.864" classname="cn.tsa.app.testscripts.TestLoginFunction"/>
  <testcase name="loginWithUnregisteredAct" time="19.782" classname="cn.tsa.app.testscripts.TestLoginFunction"/>
  <testcase name="LoginWithCorrectInfo" time="18.018" classname="cn.tsa.app.testscripts.TestLoginFunction"/>
</testsuite> <!-- cn.tsa.app.testscripts.TestLoginFunction -->
